<?xml version='1.0' encoding='UTF-8'?>
<testsuite hostname="34900.gnm.int" name="util.GradientDescentTest" tests="2" errors="0" failures="2" skipped="0" time="0.249" timestamp="2019-03-21T17:18:22">
                     <properties>
      <property name="awt.toolkit" value="sun.lwawt.macosx.LWCToolkit"/><property name="java.specification.version" value="11"/><property name="sun.cpu.isalist" value=""/><property name="sun.jnu.encoding" value="UTF-8"/><property name="sun.arch.data.model" value="64"/><property name="java.vendor.url" value="https://adoptopenjdk.net/"/><property name="sun.boot.library.path" value="/Library/Java/JavaVirtualMachines/adoptopenjdk-11.0.2.jdk/Contents/Home/lib"/><property name="sun.java.command" value="/usr/local/Cellar/sbt/1.2.8/libexec/bin/sbt-launch.jar test"/><property name="jdk.debug" value="release"/><property name="java.specification.vendor" value="Oracle Corporation"/><property name="java.version.date" value="2019-01-15"/><property name="java.home" value="/Library/Java/JavaVirtualMachines/adoptopenjdk-11.0.2.jdk/Contents/Home"/><property name="file.separator" value="/"/><property name="java.vm.compressedOopsMode" value="Zero based"/><property name="line.separator" value="
"/><property name="java.specification.name" value="Java Platform API Specification"/><property name="java.vm.specification.vendor" value="Oracle Corporation"/><property name="sun.management.compiler" value="HotSpot 64-Bit Tiered Compilers"/><property name="java.runtime.version" value="11.0.2+9"/><property name="user.name" value="leigh-anne_mathieson"/><property name="file.encoding" value="UTF-8"/><property name="jnidispatch.path" value="/var/folders/vq/dl81g0zn4q7_rffjg61s1_kdfxpd05/T/jna-1373571951/jna16104397386229620526.tmp"/><property name="java.vendor.version" value="AdoptOpenJDK"/><property name="jna.loaded" value="true"/><property name="java.io.tmpdir" value="/var/folders/vq/dl81g0zn4q7_rffjg61s1_kdfxpd05/T/"/><property name="java.version" value="11.0.2"/><property name="java.vm.specification.name" value="Java Virtual Machine Specification"/><property name="java.awt.printerjob" value="sun.lwawt.macosx.CPrinterJob"/><property name="sun.os.patch.level" value="unknown"/><property name="java.library.path" value="/Users/leigh-anne_mathieson/Library/Java/Extensions:/Library/Java/Extensions:/Network/Library/Java/Extensions:/System/Library/Java/Extensions:/usr/lib/java:."/><property name="java.vendor" value="AdoptOpenJDK"/><property name="scala.ext.dirs" value="/Users/leigh-anne_mathieson/.sbt/0.13/java9-rt-ext-adoptopenjdk_11_0_2"/><property name="sun.io.unicode.encoding" value="UnicodeBig"/><property name="socksNonProxyHosts" value="local|*.local|169.254/16|*.169.254/16"/><property name="gopherProxySet" value="false"/><property name="java.class.path" value="/usr/local/Cellar/sbt/1.2.8/libexec/bin/sbt-launch.jar"/><property name="java.vm.vendor" value="AdoptOpenJDK"/><property name="jline.shutdownhook" value="false"/><property name="user.timezone" value="Europe/London"/><property name="os.name" value="Mac OS X"/><property name="java.vm.specification.version" value="11"/><property name="sun.java.launcher" value="SUN_STANDARD"/><property name="user.country" value="GB"/><property name="http.nonProxyHosts" value="local|*.local|169.254/16|*.169.254/16"/><property name="sun.cpu.endian" value="little"/><property name="user.home" value="/Users/leigh-anne_mathieson"/><property name="user.language" value="en"/><property name="java.awt.graphicsenv" value="sun.awt.CGraphicsEnvironment"/><property name="jline.esc.timeout" value="0"/><property name="ftp.nonProxyHosts" value="local|*.local|169.254/16|*.169.254/16"/><property name="path.separator" value=":"/><property name="os.version" value="10.14.3"/><property name="jna.nosys" value="true"/><property name="java.runtime.name" value="OpenJDK Runtime Environment"/><property name="java.vm.name" value="OpenJDK 64-Bit Server VM"/><property name="jna.platform.library.path" value="/usr/lib:/usr/lib"/><property name="java.vendor.url.bug" value="http://bugreport.java.com/bugreport/"/><property name="user.dir" value="/Users/Leigh-Anne_Mathieson/code/regression-exercises"/><property name="os.arch" value="x86_64"/><property name="java.vm.info" value="mixed mode"/><property name="java.vm.version" value="11.0.2+9"/><property name="java.class.version" value="55.0"/>
    </properties>
                     <testcase classname="util.GradientDescentTest" name="updatedTheta0 should::be updated from the value passed in" time="0.096">
                                                 <failure message="an implementation is missing" type="java.lang.Exception">java.lang.Exception: an implementation is missing
	at util.GradientDescent$.theta0Updated(GradientDescent.scala:12)
	at util.GradientDescentTest.$anonfun$new$2(GradientDescentTest.scala:18)
</failure>
                                               </testcase><testcase classname="util.GradientDescentTest" name="updatedTheta1 should::be updated from the value passed in" time="0.153">
                                                 <failure message="an implementation is missing" type="java.lang.Exception">java.lang.Exception: an implementation is missing
	at util.GradientDescent$.theta1Updated(GradientDescent.scala:14)
	at util.GradientDescentTest.$anonfun$new$6(GradientDescentTest.scala:35)
</failure>
                                               </testcase>
                     <system-out><![CDATA[]]></system-out>
                     <system-err><![CDATA[]]></system-err>
                   </testsuite>